Wed Jul 23, 2014 8:24:55 PM UTC :: Booting Database
 0 0 0 0 0 0 0 0 0 0 0 0 0 0 0 0 0 0 0 0 0 0 0 0 0 0 0 0 0 0 0 0
Wed Jul 23, 2014 8:24:55 PM UTC :: [*****] BOOT: ---------------------[ Boot Log ]--------------------
Wed Jul 23, 2014 8:24:55 PM UTC :: Database bootup starting.
Wed Jul 23, 2014 8:24:55 PM UTC :: Loading sysdata configuration...
Wed Jul 23, 2014 8:24:55 PM UTC :: Initializing libdl support...
Wed Jul 23, 2014 8:24:55 PM UTC :: Verifying existence of login greeting...
Wed Jul 23, 2014 8:24:55 PM UTC :: Login greeting located.
Wed Jul 23, 2014 8:24:55 PM UTC :: Loading commands...
Wed Jul 23, 2014 8:24:55 PM UTC :: Loading spec_funs...
Wed Jul 23, 2014 8:24:55 PM UTC :: Loading helps...
Wed Jul 23, 2014 8:24:55 PM UTC :: Loading channels...
Wed Jul 23, 2014 8:24:55 PM UTC :: Loading overland maps...
Wed Jul 23, 2014 8:24:55 PM UTC :: Initializing map grid array....
Wed Jul 23, 2014 8:24:55 PM UTC :: Loading continent of One.....
Wed Jul 23, 2014 8:24:55 PM UTC :: Loading overland map exits....
Wed Jul 23, 2014 8:24:55 PM UTC :: Loading overland landmarks....
Wed Jul 23, 2014 8:24:55 PM UTC :: Loading landing sites....
Wed Jul 23, 2014 8:24:55 PM UTC :: Loading socials...
Wed Jul 23, 2014 8:24:55 PM UTC :: Loading skill table...
Wed Jul 23, 2014 8:24:55 PM UTC :: Sorting skill table...
Wed Jul 23, 2014 8:24:55 PM UTC :: Remapping slots to sns...
Wed Jul 23, 2014 8:24:55 PM UTC :: Loading classes
Wed Jul 23, 2014 8:24:55 PM UTC :: Loading races
Wed Jul 23, 2014 8:24:55 PM UTC :: Loading Connection History
Wed Jul 23, 2014 8:24:55 PM UTC :: Loading liquid table
Wed Jul 23, 2014 8:24:55 PM UTC :: Loading mixture table
Wed Jul 23, 2014 8:24:55 PM UTC :: Loading herb table
Wed Jul 23, 2014 8:24:55 PM UTC :: Loading tongues
Wed Jul 23, 2014 8:24:55 PM UTC :: Loading quest bit tables
Wed Jul 23, 2014 8:24:55 PM UTC :: [*****] BUG: load_abits: Cannot open abit file.
Wed Jul 23, 2014 8:24:55 PM UTC :: [*****] BUG: load_qbits: Cannot open qbit file.
Wed Jul 23, 2014 8:24:55 PM UTC :: Initializing random number generator
Wed Jul 23, 2014 8:24:55 PM UTC :: Setting Astral Walk target room
Wed Jul 23, 2014 8:24:55 PM UTC :: Setting time and weather
Wed Jul 23, 2014 8:24:55 PM UTC :: Loading holiday chart...
Wed Jul 23, 2014 8:24:55 PM UTC :: Assigning gsn's
Wed Jul 23, 2014 8:24:55 PM UTC :: Loading DNS cache...
Wed Jul 23, 2014 8:24:55 PM UTC :: Loading slay table...
Wed Jul 23, 2014 8:24:55 PM UTC :: Reading in area files...
Wed Jul 23, 2014 8:24:55 PM UTC :: void.are            : Version 1   Vnums: 11000 - 11999
Wed Jul 23, 2014 8:24:55 PM UTC :: entry.are           : Version 1   Vnums:   100 - 199  
Wed Jul 23, 2014 8:24:55 PM UTC :: astral.are          : Version 1   Vnums:  4350 - 4449 
Wed Jul 23, 2014 8:24:55 PM UTC :: gwyn.are            : Version 1   Vnums:  2850 - 2949 
Wed Jul 23, 2014 8:24:55 PM UTC :: catacombs.are       : Version 1   Vnums:  1950 - 2099 
Wed Jul 23, 2014 8:24:55 PM UTC :: rtower.are          : Version 1   Vnums:  7700 - 7799 
Wed Jul 23, 2014 8:24:55 PM UTC :: one.are             : Version 1   Vnums: 50000 - 50499
Wed Jul 23, 2014 8:24:55 PM UTC :: immtrain.are        : Version 1   Vnums: 21100 - 21299
Wed Jul 23, 2014 8:24:55 PM UTC :: [*****] BUG: fread_afk_mobile: vnum 2806: Mob has invalid race! Defaulting to monster.
Wed Jul 23, 2014 8:24:55 PM UTC :: [*****] FILE: trollden.are LINE: 156
Wed Jul 23, 2014 8:24:55 PM UTC :: [*****] BUG: fread_afk_mobile: vnum 2807: Mob has invalid race! Defaulting to monster.
Wed Jul 23, 2014 8:24:55 PM UTC :: [*****] FILE: trollden.are LINE: 178
Wed Jul 23, 2014 8:24:55 PM UTC :: trollden.are        : Version 1   Vnums:  2800 - 2808 
Wed Jul 23, 2014 8:24:55 PM UTC :: Loading ships...
Wed Jul 23, 2014 8:24:55 PM UTC :: Loading runes...
Wed Jul 23, 2014 8:24:55 PM UTC :: Loading runewords...
Wed Jul 23, 2014 8:24:55 PM UTC :: Fixing exits...
Wed Jul 23, 2014 8:24:55 PM UTC :: Loading clans...
Wed Jul 23, 2014 8:24:55 PM UTC :: $
Wed Jul 23, 2014 8:24:55 PM UTC :: Cleaning up clan data...
Wed Jul 23, 2014 8:24:55 PM UTC :: Done clans
Wed Jul 23, 2014 8:24:55 PM UTC :: Loading deities...
Wed Jul 23, 2014 8:24:55 PM UTC :: Done deities
Wed Jul 23, 2014 8:24:55 PM UTC :: Counting pfiles.....
Wed Jul 23, 2014 8:24:55 PM UTC :: Pfile count completed.
Wed Jul 23, 2014 8:24:55 PM UTC :: Total pfiles scanned: 1
Wed Jul 23, 2014 8:24:55 PM UTC :: Total exempted pfiles: 0
Wed Jul 23, 2014 8:24:55 PM UTC :: Updating rare item counts.....
Wed Jul 23, 2014 8:24:55 PM UTC :: Checking player files....
Wed Jul 23, 2014 8:24:55 PM UTC :: Checking corpses....
Wed Jul 23, 2014 8:24:55 PM UTC :: Loading corpses...
Wed Jul 23, 2014 8:24:55 PM UTC :: Making wizlist
Wed Jul 23, 2014 8:24:55 PM UTC :: Building wizinfo
Wed Jul 23, 2014 8:24:55 PM UTC :: Loading MSSP Data...
Wed Jul 23, 2014 8:24:55 PM UTC :: Initializing area reset events...
Wed Jul 23, 2014 8:24:55 PM UTC :: Loading auction sales list...
Wed Jul 23, 2014 8:24:55 PM UTC :: No sales file found.
Wed Jul 23, 2014 8:24:55 PM UTC :: Loading auction houses...
Wed Jul 23, 2014 8:24:55 PM UTC :: Loading clan/guild shops...
Wed Jul 23, 2014 8:24:55 PM UTC :: Loading prototype area files...
Wed Jul 23, 2014 8:24:55 PM UTC :: Fixing prototype zone exits...
Wed Jul 23, 2014 8:24:55 PM UTC :: Loading boards...
Wed Jul 23, 2014 8:24:55 PM UTC :: Loading bans...
Wed Jul 23, 2014 8:24:55 PM UTC :: Loading auth namelist...
Wed Jul 23, 2014 8:24:55 PM UTC :: Loading Immortal Hosts...
Wed Jul 23, 2014 8:24:55 PM UTC :: Loading Projects...
Wed Jul 23, 2014 8:24:55 PM UTC :: Loading Morphs...
Wed Jul 23, 2014 8:24:55 PM UTC :: Done.
Wed Jul 23, 2014 8:24:55 PM UTC :: Loading weather vector data...
Wed Jul 23, 2014 8:24:55 PM UTC :: Initializing area weather data...
Wed Jul 23, 2014 8:24:55 PM UTC :: Area weather data initialized.
Wed Jul 23, 2014 8:24:55 PM UTC :: Registering chess packet handler...
Wed Jul 23, 2014 8:24:55 PM UTC :: Database bootup completed.
Wed Jul 23, 2014 8:24:55 PM UTC :: Initializing main socket
Wed Jul 23, 2014 8:24:55 PM UTC :: Main socket initialized
Wed Jul 23, 2014 8:24:55 PM UTC :: AFKMud ready on port 9500.
Wed Jul 23, 2014 8:24:55 PM UTC :: IMC: Loading IMC2 command table...
Wed Jul 23, 2014 8:24:55 PM UTC :: IMC: Loading IMC2 network data...
Wed Jul 23, 2014 8:24:55 PM UTC :: IMC: Loading IMC2 help file...
Wed Jul 23, 2014 8:24:55 PM UTC :: IMC: Loading IMC2 color table...
Wed Jul 23, 2014 8:24:55 PM UTC :: IMC: IMC2 network data loaded. Autoconnect not set. IMC2 will need to be connected manually.
Wed Jul 23, 2014 8:24:55 PM UTC :: No people online yet. Suspending autonomous update handlers.
Wed Jul 23, 2014 8:24:58 PM UTC :: Waking up autonomous update handlers.
Wed Jul 23, 2014 8:25:00 PM UTC :: Incoming connection: local-host, port 57772.
Wed Jul 23, 2014 8:25:00 PM UTC :: Preloading player data for: Eru
Wed Jul 23, 2014 8:25:02 PM UTC :: Loading player data for Eru (16K)
Wed Jul 23, 2014 8:25:02 PM UTC :: Eru [local-host] has connected.
Wed Jul 23, 2014 8:25:04 PM UTC :: Screen.linux client detected for Eru.
Wed Jul 23, 2014 8:25:04 PM UTC :: Eru returns from beyond the void.
Thu Jul 24, 2014 2:52:49 AM UTC :: Incoming connection: 72.222.202.76, port 36020.
Thu Jul 24, 2014 2:53:10 AM UTC :: Broke all-time maximum player record: 3
Thu Jul 24, 2014 2:53:36 AM UTC :: Incoming connection: 72.222.202.76, port 36024.
Thu Jul 24, 2014 2:53:36 AM UTC :: read: Descriptor error on #5
Thu Jul 24, 2014 2:53:36 AM UTC :: Descriptor belongs to: 72.222.202.76
read: No such file or directory
Thu Jul 24, 2014 2:53:52 AM UTC :: Screen client detected for Loque.
Thu Jul 24, 2014 2:53:52 AM UTC :: obj 11479, The Beginner's Guide to Wayfaring, removed from Loque. Random ego check.
Thu Jul 24, 2014 2:53:52 AM UTC :: Loque checks out of the inn.
Thu Jul 24, 2014 2:58:39 AM UTC :: Log faeia quenath keeper abecedarium: mpadvance 0.Loque 2
Thu Jul 24, 2014 3:02:38 AM UTC :: Loque has quit.
Thu Jul 24, 2014 4:27:45 AM UTC :: Eru has quit.
Thu Jul 24, 2014 4:27:45 AM UTC :: No more people online. Autonomous actions suspended.
Thu Jul 24, 2014 4:28:20 AM UTC :: Waking up autonomous update handlers.
Thu Jul 24, 2014 4:28:25 AM UTC :: Incoming connection: ip72-222-202-76.ph.ph.cox.net, port 51742.
Thu Jul 24, 2014 4:28:25 AM UTC :: Preloading player data for: Eru
Thu Jul 24, 2014 4:28:31 AM UTC :: Loading player data for Eru (16K)
Thu Jul 24, 2014 4:28:31 AM UTC :: Eru [ip72-222-202-76.ph.ph.cox.net] has connected.
Thu Jul 24, 2014 4:28:45 AM UTC :: Xterm-color client detected for Eru.
Thu Jul 24, 2014 4:28:45 AM UTC :: Eru returns from beyond the void.
Thu Jul 24, 2014 4:29:32 AM UTC :: EOF encountered on read.
Thu Jul 24, 2014 4:29:32 AM UTC :: Closing link to Eru.
Thu Jul 24, 2014 4:29:32 AM UTC :: No more people online. Autonomous actions suspended.
Thu Jul 24, 2014 4:29:41 AM UTC :: Waking up autonomous update handlers.
Thu Jul 24, 2014 4:29:46 AM UTC :: Incoming connection: ip72-222-202-76.ph.ph.cox.net, port 51743.
Thu Jul 24, 2014 4:29:46 AM UTC :: Preloading player data for: Eru
Thu Jul 24, 2014 4:29:50 AM UTC :: Eru [ip72-222-202-76.ph.ph.cox.net] reconnected.
Thu Jul 24, 2014 4:29:50 AM UTC :: Xterm-color client detected for Eru.
Thu Jul 24, 2014 4:32:47 AM UTC :: EOF encountered on read.
Thu Jul 24, 2014 4:32:47 AM UTC :: Closing link to Eru.
Thu Jul 24, 2014 4:32:47 AM UTC :: No more people online. Autonomous actions suspended.
Thu Jul 24, 2014 4:32:55 AM UTC :: Waking up autonomous update handlers.
Thu Jul 24, 2014 4:32:58 AM UTC :: Incoming connection: local-host, port 57773.
Thu Jul 24, 2014 4:32:58 AM UTC :: Preloading player data for: Eru
Thu Jul 24, 2014 4:33:00 AM UTC :: Eru [local-host] reconnected.
Thu Jul 24, 2014 4:33:00 AM UTC :: Screen.linux client detected for Eru.
Thu Jul 24, 2014 7:52:49 PM UTC :: Counting pfiles.....
Thu Jul 24, 2014 7:52:49 PM UTC :: Pfile count completed.
Thu Jul 24, 2014 7:52:49 PM UTC :: Total pfiles scanned: 2
Thu Jul 24, 2014 7:52:49 PM UTC :: Total exempted pfiles: 0
Thu Jul 24, 2014 7:52:49 PM UTC :: Checking daily rare items for players....
Thu Jul 24, 2014 7:52:49 PM UTC :: Daily rare item updates completed.
Thu Jul 24, 2014 8:24:55 PM UTC :: Starting board pruning...
Thu Jul 24, 2014 8:24:55 PM UTC :: Next board pruning in 24 hours.
Fri Jul 25, 2014 7:52:49 PM UTC :: Counting pfiles.....
Fri Jul 25, 2014 7:52:49 PM UTC :: Pfile count completed.
Fri Jul 25, 2014 7:52:49 PM UTC :: Total pfiles scanned: 2
Fri Jul 25, 2014 7:52:49 PM UTC :: Total exempted pfiles: 0
Fri Jul 25, 2014 7:52:49 PM UTC :: Checking daily rare items for players....
Fri Jul 25, 2014 7:52:49 PM UTC :: Daily rare item updates completed.
Fri Jul 25, 2014 8:24:55 PM UTC :: Starting board pruning...
Fri Jul 25, 2014 8:24:55 PM UTC :: Next board pruning in 24 hours.
Sat Jul 26, 2014 7:52:49 PM UTC :: Counting pfiles.....
Sat Jul 26, 2014 7:52:49 PM UTC :: Pfile count completed.
Sat Jul 26, 2014 7:52:49 PM UTC :: Total pfiles scanned: 2
Sat Jul 26, 2014 7:52:49 PM UTC :: Total exempted pfiles: 0
Sat Jul 26, 2014 7:52:49 PM UTC :: Checking daily rare items for players....
Sat Jul 26, 2014 7:52:49 PM UTC :: Daily rare item updates completed.
Sat Jul 26, 2014 8:24:55 PM UTC :: Starting board pruning...
Sat Jul 26, 2014 8:24:55 PM UTC :: Next board pruning in 24 hours.
Sun Jul 27, 2014 7:52:49 PM UTC :: Counting pfiles.....
Sun Jul 27, 2014 7:52:49 PM UTC :: Pfile count completed.
Sun Jul 27, 2014 7:52:49 PM UTC :: Total pfiles scanned: 2
Sun Jul 27, 2014 7:52:49 PM UTC :: Total exempted pfiles: 0
Sun Jul 27, 2014 7:52:49 PM UTC :: Checking daily rare items for players....
Sun Jul 27, 2014 7:52:49 PM UTC :: Daily rare item updates completed.
Sun Jul 27, 2014 8:24:55 PM UTC :: Starting board pruning...
Sun Jul 27, 2014 8:24:55 PM UTC :: Next board pruning in 24 hours.
Mon Jul 28, 2014 7:52:49 PM UTC :: Counting pfiles.....
Mon Jul 28, 2014 7:52:49 PM UTC :: Pfile count completed.
Mon Jul 28, 2014 7:52:49 PM UTC :: Total pfiles scanned: 2
Mon Jul 28, 2014 7:52:49 PM UTC :: Total exempted pfiles: 0
Mon Jul 28, 2014 7:52:49 PM UTC :: Checking daily rare items for players....
Mon Jul 28, 2014 7:52:49 PM UTC :: Daily rare item updates completed.
Mon Jul 28, 2014 8:24:55 PM UTC :: Starting board pruning...
Mon Jul 28, 2014 8:24:55 PM UTC :: Next board pruning in 24 hours.
Tue Jul 29, 2014 7:52:49 PM UTC :: Counting pfiles.....
Tue Jul 29, 2014 7:52:49 PM UTC :: Pfile count completed.
Tue Jul 29, 2014 7:52:49 PM UTC :: Total pfiles scanned: 2
Tue Jul 29, 2014 7:52:49 PM UTC :: Total exempted pfiles: 0
Tue Jul 29, 2014 7:52:49 PM UTC :: Checking daily rare items for players....
Tue Jul 29, 2014 7:52:49 PM UTC :: Daily rare item updates completed.
Tue Jul 29, 2014 8:24:55 PM UTC :: Starting board pruning...
Tue Jul 29, 2014 8:24:55 PM UTC :: Next board pruning in 24 hours.
Wed Jul 30, 2014 2:27:13 AM UTC :: Log Eru: shutdown mud now
Wed Jul 30, 2014 2:27:13 AM UTC :: Saving players....
Wed Jul 30, 2014 2:27:13 AM UTC :: Eru saved.
Wed Jul 30, 2014 2:27:13 AM UTC :: Saving game world time....
Wed Jul 30, 2014 2:27:13 AM UTC :: Normal termination of game.
Wed Jul 30, 2014 2:27:13 AM UTC :: Cleaning up Memory.&d
Wed Jul 30, 2014 2:27:13 AM UTC :: No more people online. Autonomous actions suspended.
